[0.543s] Invoking command in '/home/ganathipan/SWARM_ROS/ros2_ws/src/turtlebot_controller': PYTHONPATH=/home/ganathipan/SWARM_ROS/build/turtlebot_controller/prefix_override:/usr/lib/python3/dist-packages/colcon_core/task/python/colcon_distutils_commands:/home/ganathipan/SWARM_ROS/install/turtlebot_controller/lib/python3.8/site-packages:${PYTHONPATH} /usr/bin/python3 -W ignore:setup.py install is deprecated -W ignore:easy_install command is deprecated setup.py egg_info --egg-base ../../../build/turtlebot_controller build --build-base /home/ganathipan/SWARM_ROS/build/turtlebot_controller/build install --record /home/ganathipan/SWARM_ROS/build/turtlebot_controller/install.log --install-scripts $base/lib/turtlebot_controller --single-version-externally-managed
[0.743s] running egg_info
[0.743s] creating ../../../build/turtlebot_controller/turtlebot_controller.egg-info
[0.744s] writing ../../../build/turtlebot_controller/turtlebot_controller.egg-info/PKG-INFO
[0.744s] writing dependency_links to ../../../build/turtlebot_controller/turtlebot_controller.egg-info/dependency_links.txt
[0.744s] writing entry points to ../../../build/turtlebot_controller/turtlebot_controller.egg-info/entry_points.txt
[0.744s] writing requirements to ../../../build/turtlebot_controller/turtlebot_controller.egg-info/requires.txt
[0.744s] writing top-level names to ../../../build/turtlebot_controller/turtlebot_controller.egg-info/top_level.txt
[0.745s] writing manifest file '../../../build/turtlebot_controller/turtlebot_controller.egg-info/SOURCES.txt'
[0.775s] reading manifest file '../../../build/turtlebot_controller/turtlebot_controller.egg-info/SOURCES.txt'
[0.776s] writing manifest file '../../../build/turtlebot_controller/turtlebot_controller.egg-info/SOURCES.txt'
[0.776s] running build
[0.776s] running build_py
[0.776s] creating /home/ganathipan/SWARM_ROS/build/turtlebot_controller/build
[0.777s] creating /home/ganathipan/SWARM_ROS/build/turtlebot_controller/build/lib
[0.777s] creating /home/ganathipan/SWARM_ROS/build/turtlebot_controller/build/lib/turtlebot_controller
[0.777s] copying turtlebot_controller/__init__.py -> /home/ganathipan/SWARM_ROS/build/turtlebot_controller/build/lib/turtlebot_controller
[0.777s] copying turtlebot_controller/sensor.py -> /home/ganathipan/SWARM_ROS/build/turtlebot_controller/build/lib/turtlebot_controller
[0.777s] copying turtlebot_controller/controller.py -> /home/ganathipan/SWARM_ROS/build/turtlebot_controller/build/lib/turtlebot_controller
[0.777s] running install
[0.777s] running install_lib
[0.778s] creating /home/ganathipan/SWARM_ROS/install/turtlebot_controller/lib/python3.8/site-packages/turtlebot_controller
[0.778s] copying /home/ganathipan/SWARM_ROS/build/turtlebot_controller/build/lib/turtlebot_controller/__init__.py -> /home/ganathipan/SWARM_ROS/install/turtlebot_controller/lib/python3.8/site-packages/turtlebot_controller
[0.778s] copying /home/ganathipan/SWARM_ROS/build/turtlebot_controller/build/lib/turtlebot_controller/sensor.py -> /home/ganathipan/SWARM_ROS/install/turtlebot_controller/lib/python3.8/site-packages/turtlebot_controller
[0.778s] copying /home/ganathipan/SWARM_ROS/build/turtlebot_controller/build/lib/turtlebot_controller/controller.py -> /home/ganathipan/SWARM_ROS/install/turtlebot_controller/lib/python3.8/site-packages/turtlebot_controller
[0.779s] byte-compiling /home/ganathipan/SWARM_ROS/install/turtlebot_controller/lib/python3.8/site-packages/turtlebot_controller/__init__.py to __init__.cpython-38.pyc
[0.780s] byte-compiling /home/ganathipan/SWARM_ROS/install/turtlebot_controller/lib/python3.8/site-packages/turtlebot_controller/sensor.py to sensor.cpython-38.pyc
[0.780s] byte-compiling /home/ganathipan/SWARM_ROS/install/turtlebot_controller/lib/python3.8/site-packages/turtlebot_controller/controller.py to controller.cpython-38.pyc
[0.781s] running install_egg_info
[0.782s] Copying ../../../build/turtlebot_controller/turtlebot_controller.egg-info to /home/ganathipan/SWARM_ROS/install/turtlebot_controller/lib/python3.8/site-packages/turtlebot_controller-0.0.0-py3.8.egg-info
[0.783s] running install_scripts
[0.796s] Installing controller script to /home/ganathipan/SWARM_ROS/install/turtlebot_controller/lib/turtlebot_controller
[0.796s] writing list of installed files to '/home/ganathipan/SWARM_ROS/build/turtlebot_controller/install.log'
[0.811s] Invoked command in '/home/ganathipan/SWARM_ROS/ros2_ws/src/turtlebot_controller' returned '0': PYTHONPATH=/home/ganathipan/SWARM_ROS/build/turtlebot_controller/prefix_override:/usr/lib/python3/dist-packages/colcon_core/task/python/colcon_distutils_commands:/home/ganathipan/SWARM_ROS/install/turtlebot_controller/lib/python3.8/site-packages:${PYTHONPATH} /usr/bin/python3 -W ignore:setup.py install is deprecated -W ignore:easy_install command is deprecated setup.py egg_info --egg-base ../../../build/turtlebot_controller build --build-base /home/ganathipan/SWARM_ROS/build/turtlebot_controller/build install --record /home/ganathipan/SWARM_ROS/build/turtlebot_controller/install.log --install-scripts $base/lib/turtlebot_controller --single-version-externally-managed
