[0.508s] Invoking command in '/home/ganathipan/SWARM_ROS/ros2_ws/src/turtlebot_controller': PYTHONPATH=/home/ganathipan/SWARM_ROS/build/turtlebot_controller/prefix_override:/usr/lib/python3/dist-packages/colcon_core/task/python/colcon_distutils_commands:/home/ganathipan/SWARM_ROS/install/turtlebot_controller/lib/python3.8/site-packages:${PYTHONPATH} /usr/bin/python3 -W ignore:setup.py install is deprecated -W ignore:easy_install command is deprecated setup.py egg_info --egg-base ../../../build/turtlebot_controller build --build-base /home/ganathipan/SWARM_ROS/build/turtlebot_controller/build install --record /home/ganathipan/SWARM_ROS/build/turtlebot_controller/install.log --install-scripts $base/lib/turtlebot_controller --single-version-externally-managed
[0.685s] running egg_info
[0.685s] writing ../../../build/turtlebot_controller/turtlebot_controller.egg-info/PKG-INFO
[0.686s] writing dependency_links to ../../../build/turtlebot_controller/turtlebot_controller.egg-info/dependency_links.txt
[0.686s] writing entry points to ../../../build/turtlebot_controller/turtlebot_controller.egg-info/entry_points.txt
[0.686s] writing requirements to ../../../build/turtlebot_controller/turtlebot_controller.egg-info/requires.txt
[0.687s] writing top-level names to ../../../build/turtlebot_controller/turtlebot_controller.egg-info/top_level.txt
[0.715s] reading manifest file '../../../build/turtlebot_controller/turtlebot_controller.egg-info/SOURCES.txt'
[0.717s] writing manifest file '../../../build/turtlebot_controller/turtlebot_controller.egg-info/SOURCES.txt'
[0.717s] running build
[0.717s] running build_py
[0.717s] running install
[0.718s] running install_lib
[0.718s] running install_egg_info
[0.720s] removing '/home/ganathipan/SWARM_ROS/install/turtlebot_controller/lib/python3.8/site-packages/turtlebot_controller-0.0.0-py3.8.egg-info' (and everything under it)
[0.720s] Copying ../../../build/turtlebot_controller/turtlebot_controller.egg-info to /home/ganathipan/SWARM_ROS/install/turtlebot_controller/lib/python3.8/site-packages/turtlebot_controller-0.0.0-py3.8.egg-info
[0.721s] running install_scripts
[0.737s] Installing controller script to /home/ganathipan/SWARM_ROS/install/turtlebot_controller/lib/turtlebot_controller
[0.737s] writing list of installed files to '/home/ganathipan/SWARM_ROS/build/turtlebot_controller/install.log'
[0.753s] Invoked command in '/home/ganathipan/SWARM_ROS/ros2_ws/src/turtlebot_controller' returned '0': PYTHONPATH=/home/ganathipan/SWARM_ROS/build/turtlebot_controller/prefix_override:/usr/lib/python3/dist-packages/colcon_core/task/python/colcon_distutils_commands:/home/ganathipan/SWARM_ROS/install/turtlebot_controller/lib/python3.8/site-packages:${PYTHONPATH} /usr/bin/python3 -W ignore:setup.py install is deprecated -W ignore:easy_install command is deprecated setup.py egg_info --egg-base ../../../build/turtlebot_controller build --build-base /home/ganathipan/SWARM_ROS/build/turtlebot_controller/build install --record /home/ganathipan/SWARM_ROS/build/turtlebot_controller/install.log --install-scripts $base/lib/turtlebot_controller --single-version-externally-managed
