[0.611s] Invoking command in '/home/ganathipan/ros2_ws/src/turtlebot_controller': PYTHONPATH=/home/ganathipan/ros2_ws/build/turtlebot_controller/prefix_override:/usr/lib/python3/dist-packages/colcon_core/task/python/colcon_distutils_commands:/home/ganathipan/ros2_ws/install/turtlebot_controller/lib/python3.8/site-packages:${PYTHONPATH} /usr/bin/python3 -W ignore:setup.py install is deprecated -W ignore:easy_install command is deprecated setup.py egg_info --egg-base ../../build/turtlebot_controller build --build-base /home/ganathipan/ros2_ws/build/turtlebot_controller/build install --record /home/ganathipan/ros2_ws/build/turtlebot_controller/install.log --install-scripts $base/lib/turtlebot_controller --single-version-externally-managed
[0.803s] running egg_info
[0.803s] writing ../../build/turtlebot_controller/turtlebot_controller.egg-info/PKG-INFO
[0.804s] writing dependency_links to ../../build/turtlebot_controller/turtlebot_controller.egg-info/dependency_links.txt
[0.804s] writing entry points to ../../build/turtlebot_controller/turtlebot_controller.egg-info/entry_points.txt
[0.804s] writing requirements to ../../build/turtlebot_controller/turtlebot_controller.egg-info/requires.txt
[0.804s] writing top-level names to ../../build/turtlebot_controller/turtlebot_controller.egg-info/top_level.txt
[0.834s] reading manifest file '../../build/turtlebot_controller/turtlebot_controller.egg-info/SOURCES.txt'
[0.836s] writing manifest file '../../build/turtlebot_controller/turtlebot_controller.egg-info/SOURCES.txt'
[0.837s] running build
[0.837s] running build_py
[0.837s] copying turtlebot_controller/controller.py -> /home/ganathipan/ros2_ws/build/turtlebot_controller/build/lib/turtlebot_controller
[0.838s] running install
[0.839s] running install_lib
[0.841s] copying /home/ganathipan/ros2_ws/build/turtlebot_controller/build/lib/turtlebot_controller/controller.py -> /home/ganathipan/ros2_ws/install/turtlebot_controller/lib/python3.8/site-packages/turtlebot_controller
[0.842s] byte-compiling /home/ganathipan/ros2_ws/install/turtlebot_controller/lib/python3.8/site-packages/turtlebot_controller/controller.py to controller.cpython-38.pyc
[0.843s]   File "/home/ganathipan/ros2_ws/install/turtlebot_controller/lib/python3.8/site-packages/turtlebot_controller/controller.py", line 82
[0.843s]     def main(args=Noneld --packages-select turtlebot_controller
[0.844s]                                            ^
[0.844s] SyntaxError: invalid syntax
[0.844s] 
[0.844s] running install_egg_info
[0.846s] removing '/home/ganathipan/ros2_ws/install/turtlebot_controller/lib/python3.8/site-packages/turtlebot_controller-0.0.0-py3.8.egg-info' (and everything under it)
[0.846s] Copying ../../build/turtlebot_controller/turtlebot_controller.egg-info to /home/ganathipan/ros2_ws/install/turtlebot_controller/lib/python3.8/site-packages/turtlebot_controller-0.0.0-py3.8.egg-info
[0.848s] running install_scripts
[0.867s] Installing controller script to /home/ganathipan/ros2_ws/install/turtlebot_controller/lib/turtlebot_controller
[0.867s] writing list of installed files to '/home/ganathipan/ros2_ws/build/turtlebot_controller/install.log'
[0.888s] Invoked command in '/home/ganathipan/ros2_ws/src/turtlebot_controller' returned '0': PYTHONPATH=/home/ganathipan/ros2_ws/build/turtlebot_controller/prefix_override:/usr/lib/python3/dist-packages/colcon_core/task/python/colcon_distutils_commands:/home/ganathipan/ros2_ws/install/turtlebot_controller/lib/python3.8/site-packages:${PYTHONPATH} /usr/bin/python3 -W ignore:setup.py install is deprecated -W ignore:easy_install command is deprecated setup.py egg_info --egg-base ../../build/turtlebot_controller build --build-base /home/ganathipan/ros2_ws/build/turtlebot_controller/build install --record /home/ganathipan/ros2_ws/build/turtlebot_controller/install.log --install-scripts $base/lib/turtlebot_controller --single-version-externally-managed
