[0.966s] Invoking command in '/home/ganathipan/ros2_ws/src/turtlebot_controller': PYTHONPATH=/home/ganathipan/ros2_ws/build/turtlebot_controller/prefix_override:/usr/lib/python3/dist-packages/colcon_core/task/python/colcon_distutils_commands:/home/ganathipan/ros2_ws/install/turtlebot_controller/lib/python3.8/site-packages:${PYTHONPATH} /usr/bin/python3 -W ignore:setup.py install is deprecated -W ignore:easy_install command is deprecated setup.py egg_info --egg-base ../../build/turtlebot_controller build --build-base /home/ganathipan/ros2_ws/build/turtlebot_controller/build install --record /home/ganathipan/ros2_ws/build/turtlebot_controller/install.log --install-scripts $base/lib/turtlebot_controller --single-version-externally-managed
[1.192s] running egg_info
[1.192s] writing ../../build/turtlebot_controller/turtlebot_controller.egg-info/PKG-INFO
[1.193s] writing dependency_links to ../../build/turtlebot_controller/turtlebot_controller.egg-info/dependency_links.txt
[1.193s] writing entry points to ../../build/turtlebot_controller/turtlebot_controller.egg-info/entry_points.txt
[1.194s] writing requirements to ../../build/turtlebot_controller/turtlebot_controller.egg-info/requires.txt
[1.194s] writing top-level names to ../../build/turtlebot_controller/turtlebot_controller.egg-info/top_level.txt
[1.270s] reading manifest file '../../build/turtlebot_controller/turtlebot_controller.egg-info/SOURCES.txt'
[1.272s] writing manifest file '../../build/turtlebot_controller/turtlebot_controller.egg-info/SOURCES.txt'
[1.273s] running build
[1.273s] running build_py
[1.273s] running install
[1.274s] running install_lib
[1.279s] running install_egg_info
[1.281s] removing '/home/ganathipan/ros2_ws/install/turtlebot_controller/lib/python3.8/site-packages/turtlebot_controller-0.0.0-py3.8.egg-info' (and everything under it)
[1.283s] Copying ../../build/turtlebot_controller/turtlebot_controller.egg-info to /home/ganathipan/ros2_ws/install/turtlebot_controller/lib/python3.8/site-packages/turtlebot_controller-0.0.0-py3.8.egg-info
[1.291s] running install_scripts
[1.313s] Installing controller script to /home/ganathipan/ros2_ws/install/turtlebot_controller/lib/turtlebot_controller
[1.314s] writing list of installed files to '/home/ganathipan/ros2_ws/build/turtlebot_controller/install.log'
[1.338s] Invoked command in '/home/ganathipan/ros2_ws/src/turtlebot_controller' returned '0': PYTHONPATH=/home/ganathipan/ros2_ws/build/turtlebot_controller/prefix_override:/usr/lib/python3/dist-packages/colcon_core/task/python/colcon_distutils_commands:/home/ganathipan/ros2_ws/install/turtlebot_controller/lib/python3.8/site-packages:${PYTHONPATH} /usr/bin/python3 -W ignore:setup.py install is deprecated -W ignore:easy_install command is deprecated setup.py egg_info --egg-base ../../build/turtlebot_controller build --build-base /home/ganathipan/ros2_ws/build/turtlebot_controller/build install --record /home/ganathipan/ros2_ws/build/turtlebot_controller/install.log --install-scripts $base/lib/turtlebot_controller --single-version-externally-managed
