[0.576s] Invoking command in '/home/ganathipan/ros2_ws/src/turtlebot_controller': PYTHONPATH=/home/ganathipan/ros2_ws/build/turtlebot_controller/prefix_override:/usr/lib/python3/dist-packages/colcon_core/task/python/colcon_distutils_commands:/home/ganathipan/ros2_ws/install/turtlebot_controller/lib/python3.8/site-packages:${PYTHONPATH} /usr/bin/python3 -W ignore:setup.py install is deprecated -W ignore:easy_install command is deprecated setup.py egg_info --egg-base ../../build/turtlebot_controller build --build-base /home/ganathipan/ros2_ws/build/turtlebot_controller/build install --record /home/ganathipan/ros2_ws/build/turtlebot_controller/install.log --install-scripts $base/lib/turtlebot_controller --single-version-externally-managed
[0.768s] running egg_info
[0.768s] writing ../../build/turtlebot_controller/turtlebot_controller.egg-info/PKG-INFO
[0.768s] writing dependency_links to ../../build/turtlebot_controller/turtlebot_controller.egg-info/dependency_links.txt
[0.768s] writing entry points to ../../build/turtlebot_controller/turtlebot_controller.egg-info/entry_points.txt
[0.769s] writing requirements to ../../build/turtlebot_controller/turtlebot_controller.egg-info/requires.txt
[0.769s] writing top-level names to ../../build/turtlebot_controller/turtlebot_controller.egg-info/top_level.txt
[0.807s] reading manifest file '../../build/turtlebot_controller/turtlebot_controller.egg-info/SOURCES.txt'
[0.808s] writing manifest file '../../build/turtlebot_controller/turtlebot_controller.egg-info/SOURCES.txt'
[0.808s] running build
[0.808s] running build_py
[0.808s] running install
[0.809s] running install_lib
[0.811s] byte-compiling /home/ganathipan/ros2_ws/install/turtlebot_controller/lib/python3.8/site-packages/turtlebot_controller/controller.py to controller.cpython-38.pyc
[0.812s] running install_egg_info
[0.812s]   File "/home/ganathipan/ros2_ws/install/turtlebot_controller/lib/python3.8/site-packages/turtlebot_controller/controller.py", line 82
[0.812s]     def main(args=Noneld --packages-select turtlebot_controller
[0.812s]                                            ^
[0.812s] SyntaxError: invalid syntax
[0.812s] 
[0.814s] removing '/home/ganathipan/ros2_ws/install/turtlebot_controller/lib/python3.8/site-packages/turtlebot_controller-0.0.0-py3.8.egg-info' (and everything under it)
[0.814s] Copying ../../build/turtlebot_controller/turtlebot_controller.egg-info to /home/ganathipan/ros2_ws/install/turtlebot_controller/lib/python3.8/site-packages/turtlebot_controller-0.0.0-py3.8.egg-info
[0.816s] running install_scripts
[0.833s] Installing controller script to /home/ganathipan/ros2_ws/install/turtlebot_controller/lib/turtlebot_controller
[0.833s] writing list of installed files to '/home/ganathipan/ros2_ws/build/turtlebot_controller/install.log'
[0.851s] Invoked command in '/home/ganathipan/ros2_ws/src/turtlebot_controller' returned '0': PYTHONPATH=/home/ganathipan/ros2_ws/build/turtlebot_controller/prefix_override:/usr/lib/python3/dist-packages/colcon_core/task/python/colcon_distutils_commands:/home/ganathipan/ros2_ws/install/turtlebot_controller/lib/python3.8/site-packages:${PYTHONPATH} /usr/bin/python3 -W ignore:setup.py install is deprecated -W ignore:easy_install command is deprecated setup.py egg_info --egg-base ../../build/turtlebot_controller build --build-base /home/ganathipan/ros2_ws/build/turtlebot_controller/build install --record /home/ganathipan/ros2_ws/build/turtlebot_controller/install.log --install-scripts $base/lib/turtlebot_controller --single-version-externally-managed
