running egg_info
creating ../../build/turtlebot_controller/turtlebot_controller.egg-info
writing ../../build/turtlebot_controller/turtlebot_controller.egg-info/PKG-INFO
writing dependency_links to ../../build/turtlebot_controller/turtlebot_controller.egg-info/dependency_links.txt
writing entry points to ../../build/turtlebot_controller/turtlebot_controller.egg-info/entry_points.txt
writing requirements to ../../build/turtlebot_controller/turtlebot_controller.egg-info/requires.txt
writing top-level names to ../../build/turtlebot_controller/turtlebot_controller.egg-info/top_level.txt
writing manifest file '../../build/turtlebot_controller/turtlebot_controller.egg-info/SOURCES.txt'
reading manifest file '../../build/turtlebot_controller/turtlebot_controller.egg-info/SOURCES.txt'
writing manifest file '../../build/turtlebot_controller/turtlebot_controller.egg-info/SOURCES.txt'
running build
running build_py
creating /home/ganathipan/ros2_ws/build/turtlebot_controller/build
creating /home/ganathipan/ros2_ws/build/turtlebot_controller/build/lib
creating /home/ganathipan/ros2_ws/build/turtlebot_controller/build/lib/turtlebot_controller
copying turtlebot_controller/__init__.py -> /home/ganathipan/ros2_ws/build/turtlebot_controller/build/lib/turtlebot_controller
copying turtlebot_controller/controller.py -> /home/ganathipan/ros2_ws/build/turtlebot_controller/build/lib/turtlebot_controller
running install
running install_lib
creating /home/ganathipan/ros2_ws/install/turtlebot_controller/lib/python3.8/site-packages/turtlebot_controller
copying /home/ganathipan/ros2_ws/build/turtlebot_controller/build/lib/turtlebot_controller/__init__.py -> /home/ganathipan/ros2_ws/install/turtlebot_controller/lib/python3.8/site-packages/turtlebot_controller
copying /home/ganathipan/ros2_ws/build/turtlebot_controller/build/lib/turtlebot_controller/controller.py -> /home/ganathipan/ros2_ws/install/turtlebot_controller/lib/python3.8/site-packages/turtlebot_controller
byte-compiling /home/ganathipan/ros2_ws/install/turtlebot_controller/lib/python3.8/site-packages/turtlebot_controller/__init__.py to __init__.cpython-38.pyc
byte-compiling /home/ganathipan/ros2_ws/install/turtlebot_controller/lib/python3.8/site-packages/turtlebot_controller/controller.py to controller.cpython-38.pyc
running install_egg_info
Copying ../../build/turtlebot_controller/turtlebot_controller.egg-info to /home/ganathipan/ros2_ws/install/turtlebot_controller/lib/python3.8/site-packages/turtlebot_controller-0.0.0-py3.8.egg-info
running install_scripts
Installing controller script to /home/ganathipan/ros2_ws/install/turtlebot_controller/lib/turtlebot_controller
writing list of installed files to '/home/ganathipan/ros2_ws/build/turtlebot_controller/install.log'
