[0.463s] Invoking command in '/home/ganathipan/ros2_ws/src/turtlebot_controller': PYTHONPATH=/home/ganathipan/ros2_ws/build/turtlebot_controller/prefix_override:/usr/lib/python3/dist-packages/colcon_core/task/python/colcon_distutils_commands:/home/ganathipan/ros2_ws/install/turtlebot_controller/lib/python3.8/site-packages:${PYTHONPATH} /usr/bin/python3 -W ignore:setup.py install is deprecated -W ignore:easy_install command is deprecated setup.py egg_info --egg-base ../../build/turtlebot_controller build --build-base /home/ganathipan/ros2_ws/build/turtlebot_controller/build install --record /home/ganathipan/ros2_ws/build/turtlebot_controller/install.log --install-scripts $base/lib/turtlebot_controller --single-version-externally-managed
[0.614s] running egg_info
[0.614s] creating ../../build/turtlebot_controller/turtlebot_controller.egg-info
[0.615s] writing ../../build/turtlebot_controller/turtlebot_controller.egg-info/PKG-INFO
[0.615s] writing dependency_links to ../../build/turtlebot_controller/turtlebot_controller.egg-info/dependency_links.txt
[0.615s] writing entry points to ../../build/turtlebot_controller/turtlebot_controller.egg-info/entry_points.txt
[0.615s] writing requirements to ../../build/turtlebot_controller/turtlebot_controller.egg-info/requires.txt
[0.615s] writing top-level names to ../../build/turtlebot_controller/turtlebot_controller.egg-info/top_level.txt
[0.616s] writing manifest file '../../build/turtlebot_controller/turtlebot_controller.egg-info/SOURCES.txt'
[0.642s] reading manifest file '../../build/turtlebot_controller/turtlebot_controller.egg-info/SOURCES.txt'
[0.643s] writing manifest file '../../build/turtlebot_controller/turtlebot_controller.egg-info/SOURCES.txt'
[0.643s] running build
[0.643s] running build_py
[0.643s] creating /home/ganathipan/ros2_ws/build/turtlebot_controller/build
[0.643s] creating /home/ganathipan/ros2_ws/build/turtlebot_controller/build/lib
[0.644s] creating /home/ganathipan/ros2_ws/build/turtlebot_controller/build/lib/turtlebot_controller
[0.644s] copying turtlebot_controller/__init__.py -> /home/ganathipan/ros2_ws/build/turtlebot_controller/build/lib/turtlebot_controller
[0.644s] copying turtlebot_controller/controller.py -> /home/ganathipan/ros2_ws/build/turtlebot_controller/build/lib/turtlebot_controller
[0.644s] running install
[0.645s] running install_lib
[0.646s] creating /home/ganathipan/ros2_ws/install/turtlebot_controller/lib/python3.8/site-packages/turtlebot_controller
[0.647s] copying /home/ganathipan/ros2_ws/build/turtlebot_controller/build/lib/turtlebot_controller/__init__.py -> /home/ganathipan/ros2_ws/install/turtlebot_controller/lib/python3.8/site-packages/turtlebot_controller
[0.647s] copying /home/ganathipan/ros2_ws/build/turtlebot_controller/build/lib/turtlebot_controller/controller.py -> /home/ganathipan/ros2_ws/install/turtlebot_controller/lib/python3.8/site-packages/turtlebot_controller
[0.647s] byte-compiling /home/ganathipan/ros2_ws/install/turtlebot_controller/lib/python3.8/site-packages/turtlebot_controller/__init__.py to __init__.cpython-38.pyc
[0.648s] byte-compiling /home/ganathipan/ros2_ws/install/turtlebot_controller/lib/python3.8/site-packages/turtlebot_controller/controller.py to controller.cpython-38.pyc
[0.648s] running install_egg_info
[0.649s] Copying ../../build/turtlebot_controller/turtlebot_controller.egg-info to /home/ganathipan/ros2_ws/install/turtlebot_controller/lib/python3.8/site-packages/turtlebot_controller-0.0.0-py3.8.egg-info
[0.650s] running install_scripts
[0.663s] Installing controller script to /home/ganathipan/ros2_ws/install/turtlebot_controller/lib/turtlebot_controller
[0.663s] writing list of installed files to '/home/ganathipan/ros2_ws/build/turtlebot_controller/install.log'
[0.679s] Invoked command in '/home/ganathipan/ros2_ws/src/turtlebot_controller' returned '0': PYTHONPATH=/home/ganathipan/ros2_ws/build/turtlebot_controller/prefix_override:/usr/lib/python3/dist-packages/colcon_core/task/python/colcon_distutils_commands:/home/ganathipan/ros2_ws/install/turtlebot_controller/lib/python3.8/site-packages:${PYTHONPATH} /usr/bin/python3 -W ignore:setup.py install is deprecated -W ignore:easy_install command is deprecated setup.py egg_info --egg-base ../../build/turtlebot_controller build --build-base /home/ganathipan/ros2_ws/build/turtlebot_controller/build install --record /home/ganathipan/ros2_ws/build/turtlebot_controller/install.log --install-scripts $base/lib/turtlebot_controller --single-version-externally-managed
