[0.699s] Invoking command in '/home/ganathipan/SWARM_ROS/ros2_ws/src/turtlebot_controller': PYTHONPATH=/home/ganathipan/SWARM_ROS/ros2_ws/build/turtlebot_controller/prefix_override:/usr/lib/python3/dist-packages/colcon_core/task/python/colcon_distutils_commands:/home/ganathipan/SWARM_ROS/ros2_ws/install/turtlebot_controller/lib/python3.8/site-packages:${PYTHONPATH} /usr/bin/python3 -W ignore:setup.py install is deprecated -W ignore:easy_install command is deprecated setup.py egg_info --egg-base ../../build/turtlebot_controller build --build-base /home/ganathipan/SWARM_ROS/ros2_ws/build/turtlebot_controller/build install --record /home/ganathipan/SWARM_ROS/ros2_ws/build/turtlebot_controller/install.log --install-scripts $base/lib/turtlebot_controller --single-version-externally-managed
[0.932s] running egg_info
[0.933s] writing ../../build/turtlebot_controller/turtlebot_controller.egg-info/PKG-INFO
[0.934s] writing dependency_links to ../../build/turtlebot_controller/turtlebot_controller.egg-info/dependency_links.txt
[0.935s] writing entry points to ../../build/turtlebot_controller/turtlebot_controller.egg-info/entry_points.txt
[0.935s] writing requirements to ../../build/turtlebot_controller/turtlebot_controller.egg-info/requires.txt
[0.935s] writing top-level names to ../../build/turtlebot_controller/turtlebot_controller.egg-info/top_level.txt
[0.972s] reading manifest file '../../build/turtlebot_controller/turtlebot_controller.egg-info/SOURCES.txt'
[0.973s] writing manifest file '../../build/turtlebot_controller/turtlebot_controller.egg-info/SOURCES.txt'
[0.973s] running build
[0.973s] running build_py
[0.974s] copying turtlebot_controller/__init__.py -> /home/ganathipan/SWARM_ROS/ros2_ws/build/turtlebot_controller/build/lib/turtlebot_controller
[0.974s] copying turtlebot_controller/controller.py -> /home/ganathipan/SWARM_ROS/ros2_ws/build/turtlebot_controller/build/lib/turtlebot_controller
[0.974s] running install
[0.975s] running install_lib
[0.976s] copying /home/ganathipan/SWARM_ROS/ros2_ws/build/turtlebot_controller/build/lib/turtlebot_controller/__init__.py -> /home/ganathipan/SWARM_ROS/ros2_ws/install/turtlebot_controller/lib/python3.8/site-packages/turtlebot_controller
[0.976s] copying /home/ganathipan/SWARM_ROS/ros2_ws/build/turtlebot_controller/build/lib/turtlebot_controller/controller.py -> /home/ganathipan/SWARM_ROS/ros2_ws/install/turtlebot_controller/lib/python3.8/site-packages/turtlebot_controller
[0.977s] byte-compiling /home/ganathipan/SWARM_ROS/ros2_ws/install/turtlebot_controller/lib/python3.8/site-packages/turtlebot_controller/__init__.py to __init__.cpython-38.pyc
[0.979s] byte-compiling /home/ganathipan/SWARM_ROS/ros2_ws/install/turtlebot_controller/lib/python3.8/site-packages/turtlebot_controller/controller.py to controller.cpython-38.pyc
[0.980s] running install_egg_info
[0.982s] removing '/home/ganathipan/SWARM_ROS/ros2_ws/install/turtlebot_controller/lib/python3.8/site-packages/turtlebot_controller-0.0.0-py3.8.egg-info' (and everything under it)
[0.983s] Copying ../../build/turtlebot_controller/turtlebot_controller.egg-info to /home/ganathipan/SWARM_ROS/ros2_ws/install/turtlebot_controller/lib/python3.8/site-packages/turtlebot_controller-0.0.0-py3.8.egg-info
[0.984s] running install_scripts
[1.003s] Installing controller script to /home/ganathipan/SWARM_ROS/ros2_ws/install/turtlebot_controller/lib/turtlebot_controller
[1.004s] writing list of installed files to '/home/ganathipan/SWARM_ROS/ros2_ws/build/turtlebot_controller/install.log'
[1.030s] Invoked command in '/home/ganathipan/SWARM_ROS/ros2_ws/src/turtlebot_controller' returned '0': PYTHONPATH=/home/ganathipan/SWARM_ROS/ros2_ws/build/turtlebot_controller/prefix_override:/usr/lib/python3/dist-packages/colcon_core/task/python/colcon_distutils_commands:/home/ganathipan/SWARM_ROS/ros2_ws/install/turtlebot_controller/lib/python3.8/site-packages:${PYTHONPATH} /usr/bin/python3 -W ignore:setup.py install is deprecated -W ignore:easy_install command is deprecated setup.py egg_info --egg-base ../../build/turtlebot_controller build --build-base /home/ganathipan/SWARM_ROS/ros2_ws/build/turtlebot_controller/build install --record /home/ganathipan/SWARM_ROS/ros2_ws/build/turtlebot_controller/install.log --install-scripts $base/lib/turtlebot_controller --single-version-externally-managed
