running egg_info
writing ../../build/turtlebot_controller/turtlebot_controller.egg-info/PKG-INFO
writing dependency_links to ../../build/turtlebot_controller/turtlebot_controller.egg-info/dependency_links.txt
writing entry points to ../../build/turtlebot_controller/turtlebot_controller.egg-info/entry_points.txt
writing requirements to ../../build/turtlebot_controller/turtlebot_controller.egg-info/requires.txt
writing top-level names to ../../build/turtlebot_controller/turtlebot_controller.egg-info/top_level.txt
reading manifest file '../../build/turtlebot_controller/turtlebot_controller.egg-info/SOURCES.txt'
writing manifest file '../../build/turtlebot_controller/turtlebot_controller.egg-info/SOURCES.txt'
running build
running build_py
copying turtlebot_controller/sensor.py -> /home/ganathipan/SWARM_ROS/ros2_ws/build/turtlebot_controller/build/lib/turtlebot_controller
running install
running install_lib
copying /home/ganathipan/SWARM_ROS/ros2_ws/build/turtlebot_controller/build/lib/turtlebot_controller/sensor.py -> /home/ganathipan/SWARM_ROS/ros2_ws/install/turtlebot_controller/lib/python3.8/site-packages/turtlebot_controller
copying /home/ganathipan/SWARM_ROS/ros2_ws/build/turtlebot_controller/build/lib/turtlebot_controller/controller.py -> /home/ganathipan/SWARM_ROS/ros2_ws/install/turtlebot_controller/lib/python3.8/site-packages/turtlebot_controller
byte-compiling /home/ganathipan/SWARM_ROS/ros2_ws/install/turtlebot_controller/lib/python3.8/site-packages/turtlebot_controller/sensor.py to sensor.cpython-38.pyc
byte-compiling /home/ganathipan/SWARM_ROS/ros2_ws/install/turtlebot_controller/lib/python3.8/site-packages/turtlebot_controller/controller.py to controller.cpython-38.pyc
running install_egg_info
removing '/home/ganathipan/SWARM_ROS/ros2_ws/install/turtlebot_controller/lib/python3.8/site-packages/turtlebot_controller-0.0.0-py3.8.egg-info' (and everything under it)
Copying ../../build/turtlebot_controller/turtlebot_controller.egg-info to /home/ganathipan/SWARM_ROS/ros2_ws/install/turtlebot_controller/lib/python3.8/site-packages/turtlebot_controller-0.0.0-py3.8.egg-info
running install_scripts
Installing controller script to /home/ganathipan/SWARM_ROS/ros2_ws/install/turtlebot_controller/lib/turtlebot_controller
writing list of installed files to '/home/ganathipan/SWARM_ROS/ros2_ws/build/turtlebot_controller/install.log'
