[0.605s] Invoking command in '/home/ganathipan/SWARM_ROS/ros2_ws/src/turtlebot_controller': PYTHONPATH=/home/ganathipan/SWARM_ROS/ros2_ws/build/turtlebot_controller/prefix_override:/usr/lib/python3/dist-packages/colcon_core/task/python/colcon_distutils_commands:/home/ganathipan/SWARM_ROS/ros2_ws/install/turtlebot_controller/lib/python3.8/site-packages:${PYTHONPATH} /usr/bin/python3 -W ignore:setup.py install is deprecated -W ignore:easy_install command is deprecated setup.py egg_info --egg-base ../../build/turtlebot_controller build --build-base /home/ganathipan/SWARM_ROS/ros2_ws/build/turtlebot_controller/build install --record /home/ganathipan/SWARM_ROS/ros2_ws/build/turtlebot_controller/install.log --install-scripts $base/lib/turtlebot_controller --single-version-externally-managed
[0.782s] running egg_info
[0.783s] writing ../../build/turtlebot_controller/turtlebot_controller.egg-info/PKG-INFO
[0.783s] writing dependency_links to ../../build/turtlebot_controller/turtlebot_controller.egg-info/dependency_links.txt
[0.783s] writing entry points to ../../build/turtlebot_controller/turtlebot_controller.egg-info/entry_points.txt
[0.783s] writing requirements to ../../build/turtlebot_controller/turtlebot_controller.egg-info/requires.txt
[0.783s] writing top-level names to ../../build/turtlebot_controller/turtlebot_controller.egg-info/top_level.txt
[0.813s] reading manifest file '../../build/turtlebot_controller/turtlebot_controller.egg-info/SOURCES.txt'
[0.813s] writing manifest file '../../build/turtlebot_controller/turtlebot_controller.egg-info/SOURCES.txt'
[0.813s] running build
[0.813s] running build_py
[0.814s] copying turtlebot_controller/sensor.py -> /home/ganathipan/SWARM_ROS/ros2_ws/build/turtlebot_controller/build/lib/turtlebot_controller
[0.814s] running install
[0.815s] running install_lib
[0.816s] copying /home/ganathipan/SWARM_ROS/ros2_ws/build/turtlebot_controller/build/lib/turtlebot_controller/sensor.py -> /home/ganathipan/SWARM_ROS/ros2_ws/install/turtlebot_controller/lib/python3.8/site-packages/turtlebot_controller
[0.816s] copying /home/ganathipan/SWARM_ROS/ros2_ws/build/turtlebot_controller/build/lib/turtlebot_controller/controller.py -> /home/ganathipan/SWARM_ROS/ros2_ws/install/turtlebot_controller/lib/python3.8/site-packages/turtlebot_controller
[0.816s] byte-compiling /home/ganathipan/SWARM_ROS/ros2_ws/install/turtlebot_controller/lib/python3.8/site-packages/turtlebot_controller/sensor.py to sensor.cpython-38.pyc
[0.818s] byte-compiling /home/ganathipan/SWARM_ROS/ros2_ws/install/turtlebot_controller/lib/python3.8/site-packages/turtlebot_controller/controller.py to controller.cpython-38.pyc
[0.819s] running install_egg_info
[0.820s] removing '/home/ganathipan/SWARM_ROS/ros2_ws/install/turtlebot_controller/lib/python3.8/site-packages/turtlebot_controller-0.0.0-py3.8.egg-info' (and everything under it)
[0.821s] Copying ../../build/turtlebot_controller/turtlebot_controller.egg-info to /home/ganathipan/SWARM_ROS/ros2_ws/install/turtlebot_controller/lib/python3.8/site-packages/turtlebot_controller-0.0.0-py3.8.egg-info
[0.822s] running install_scripts
[0.837s] Installing controller script to /home/ganathipan/SWARM_ROS/ros2_ws/install/turtlebot_controller/lib/turtlebot_controller
[0.838s] writing list of installed files to '/home/ganathipan/SWARM_ROS/ros2_ws/build/turtlebot_controller/install.log'
[0.857s] Invoked command in '/home/ganathipan/SWARM_ROS/ros2_ws/src/turtlebot_controller' returned '0': PYTHONPATH=/home/ganathipan/SWARM_ROS/ros2_ws/build/turtlebot_controller/prefix_override:/usr/lib/python3/dist-packages/colcon_core/task/python/colcon_distutils_commands:/home/ganathipan/SWARM_ROS/ros2_ws/install/turtlebot_controller/lib/python3.8/site-packages:${PYTHONPATH} /usr/bin/python3 -W ignore:setup.py install is deprecated -W ignore:easy_install command is deprecated setup.py egg_info --egg-base ../../build/turtlebot_controller build --build-base /home/ganathipan/SWARM_ROS/ros2_ws/build/turtlebot_controller/build install --record /home/ganathipan/SWARM_ROS/ros2_ws/build/turtlebot_controller/install.log --install-scripts $base/lib/turtlebot_controller --single-version-externally-managed
