[1.184s] Invoking command in '/home/ganathipan/SWARM_ROS/ros2_ws/src/turtlebot_controller': PYTHONPATH=/home/ganathipan/SWARM_ROS/ros2_ws/build/turtlebot_controller/prefix_override:/usr/lib/python3/dist-packages/colcon_core/task/python/colcon_distutils_commands:/home/ganathipan/SWARM_ROS/ros2_ws/install/turtlebot_controller/lib/python3.8/site-packages:${PYTHONPATH} /usr/bin/python3 -W ignore:setup.py install is deprecated -W ignore:easy_install command is deprecated setup.py egg_info --egg-base ../../build/turtlebot_controller build --build-base /home/ganathipan/SWARM_ROS/ros2_ws/build/turtlebot_controller/build install --record /home/ganathipan/SWARM_ROS/ros2_ws/build/turtlebot_controller/install.log --install-scripts $base/lib/turtlebot_controller --single-version-externally-managed
[1.412s] running egg_info
[1.412s] writing ../../build/turtlebot_controller/turtlebot_controller.egg-info/PKG-INFO
[1.413s] writing dependency_links to ../../build/turtlebot_controller/turtlebot_controller.egg-info/dependency_links.txt
[1.414s] writing entry points to ../../build/turtlebot_controller/turtlebot_controller.egg-info/entry_points.txt
[1.414s] writing requirements to ../../build/turtlebot_controller/turtlebot_controller.egg-info/requires.txt
[1.414s] writing top-level names to ../../build/turtlebot_controller/turtlebot_controller.egg-info/top_level.txt
[1.492s] reading manifest file '../../build/turtlebot_controller/turtlebot_controller.egg-info/SOURCES.txt'
[1.494s] writing manifest file '../../build/turtlebot_controller/turtlebot_controller.egg-info/SOURCES.txt'
[1.494s] running build
[1.494s] running build_py
[1.495s] copying turtlebot_controller/sensor.py -> /home/ganathipan/SWARM_ROS/ros2_ws/build/turtlebot_controller/build/lib/turtlebot_controller
[1.495s] copying turtlebot_controller/controller.py -> /home/ganathipan/SWARM_ROS/ros2_ws/build/turtlebot_controller/build/lib/turtlebot_controller
[1.498s] running install
[1.499s] running install_lib
[1.500s] copying /home/ganathipan/SWARM_ROS/ros2_ws/build/turtlebot_controller/build/lib/turtlebot_controller/sensor.py -> /home/ganathipan/SWARM_ROS/ros2_ws/install/turtlebot_controller/lib/python3.8/site-packages/turtlebot_controller
[1.501s] copying /home/ganathipan/SWARM_ROS/ros2_ws/build/turtlebot_controller/build/lib/turtlebot_controller/controller.py -> /home/ganathipan/SWARM_ROS/ros2_ws/install/turtlebot_controller/lib/python3.8/site-packages/turtlebot_controller
[1.502s] byte-compiling /home/ganathipan/SWARM_ROS/ros2_ws/install/turtlebot_controller/lib/python3.8/site-packages/turtlebot_controller/sensor.py to sensor.cpython-38.pyc
[1.504s] byte-compiling /home/ganathipan/SWARM_ROS/ros2_ws/install/turtlebot_controller/lib/python3.8/site-packages/turtlebot_controller/controller.py to controller.cpython-38.pyc
[1.506s] running install_egg_info
[1.509s] removing '/home/ganathipan/SWARM_ROS/ros2_ws/install/turtlebot_controller/lib/python3.8/site-packages/turtlebot_controller-0.0.0-py3.8.egg-info' (and everything under it)
[1.511s] Copying ../../build/turtlebot_controller/turtlebot_controller.egg-info to /home/ganathipan/SWARM_ROS/ros2_ws/install/turtlebot_controller/lib/python3.8/site-packages/turtlebot_controller-0.0.0-py3.8.egg-info
[1.513s] running install_scripts
[1.533s] Installing controller script to /home/ganathipan/SWARM_ROS/ros2_ws/install/turtlebot_controller/lib/turtlebot_controller
[1.534s] writing list of installed files to '/home/ganathipan/SWARM_ROS/ros2_ws/build/turtlebot_controller/install.log'
[1.554s] Invoked command in '/home/ganathipan/SWARM_ROS/ros2_ws/src/turtlebot_controller' returned '0': PYTHONPATH=/home/ganathipan/SWARM_ROS/ros2_ws/build/turtlebot_controller/prefix_override:/usr/lib/python3/dist-packages/colcon_core/task/python/colcon_distutils_commands:/home/ganathipan/SWARM_ROS/ros2_ws/install/turtlebot_controller/lib/python3.8/site-packages:${PYTHONPATH} /usr/bin/python3 -W ignore:setup.py install is deprecated -W ignore:easy_install command is deprecated setup.py egg_info --egg-base ../../build/turtlebot_controller build --build-base /home/ganathipan/SWARM_ROS/ros2_ws/build/turtlebot_controller/build install --record /home/ganathipan/SWARM_ROS/ros2_ws/build/turtlebot_controller/install.log --install-scripts $base/lib/turtlebot_controller --single-version-externally-managed
