[0.526s] Invoking command in '/home/ganathipan/SWARM_ROS/ros2_ws/src/turtlebot_controller': PYTHONPATH=/home/ganathipan/SWARM_ROS/build/turtlebot_controller/prefix_override:/usr/lib/python3/dist-packages/colcon_core/task/python/colcon_distutils_commands:/home/ganathipan/SWARM_ROS/install/turtlebot_controller/lib/python3.8/site-packages:${PYTHONPATH} /usr/bin/python3 -W ignore:setup.py install is deprecated -W ignore:easy_install command is deprecated setup.py egg_info --egg-base ../../../build/turtlebot_controller build --build-base /home/ganathipan/SWARM_ROS/build/turtlebot_controller/build install --record /home/ganathipan/SWARM_ROS/build/turtlebot_controller/install.log --install-scripts $base/lib/turtlebot_controller --single-version-externally-managed
[0.677s] running egg_info
[0.678s] writing ../../../build/turtlebot_controller/turtlebot_controller.egg-info/PKG-INFO
[0.678s] writing dependency_links to ../../../build/turtlebot_controller/turtlebot_controller.egg-info/dependency_links.txt
[0.678s] writing entry points to ../../../build/turtlebot_controller/turtlebot_controller.egg-info/entry_points.txt
[0.678s] writing requirements to ../../../build/turtlebot_controller/turtlebot_controller.egg-info/requires.txt
[0.679s] writing top-level names to ../../../build/turtlebot_controller/turtlebot_controller.egg-info/top_level.txt
[0.706s] reading manifest file '../../../build/turtlebot_controller/turtlebot_controller.egg-info/SOURCES.txt'
[0.707s] writing manifest file '../../../build/turtlebot_controller/turtlebot_controller.egg-info/SOURCES.txt'
[0.707s] running build
[0.707s] running build_py
[0.707s] copying turtlebot_controller/controller.py -> /home/ganathipan/SWARM_ROS/build/turtlebot_controller/build/lib/turtlebot_controller
[0.707s] running install
[0.708s] running install_lib
[0.709s] copying /home/ganathipan/SWARM_ROS/build/turtlebot_controller/build/lib/turtlebot_controller/controller.py -> /home/ganathipan/SWARM_ROS/install/turtlebot_controller/lib/python3.8/site-packages/turtlebot_controller
[0.709s] byte-compiling /home/ganathipan/SWARM_ROS/install/turtlebot_controller/lib/python3.8/site-packages/turtlebot_controller/controller.py to controller.cpython-38.pyc
[0.711s] running install_egg_info
[0.712s] removing '/home/ganathipan/SWARM_ROS/install/turtlebot_controller/lib/python3.8/site-packages/turtlebot_controller-0.0.0-py3.8.egg-info' (and everything under it)
[0.713s] Copying ../../../build/turtlebot_controller/turtlebot_controller.egg-info to /home/ganathipan/SWARM_ROS/install/turtlebot_controller/lib/python3.8/site-packages/turtlebot_controller-0.0.0-py3.8.egg-info
[0.713s] running install_scripts
[0.728s] Installing controller script to /home/ganathipan/SWARM_ROS/install/turtlebot_controller/lib/turtlebot_controller
[0.729s] writing list of installed files to '/home/ganathipan/SWARM_ROS/build/turtlebot_controller/install.log'
[0.746s] Invoked command in '/home/ganathipan/SWARM_ROS/ros2_ws/src/turtlebot_controller' returned '0': PYTHONPATH=/home/ganathipan/SWARM_ROS/build/turtlebot_controller/prefix_override:/usr/lib/python3/dist-packages/colcon_core/task/python/colcon_distutils_commands:/home/ganathipan/SWARM_ROS/install/turtlebot_controller/lib/python3.8/site-packages:${PYTHONPATH} /usr/bin/python3 -W ignore:setup.py install is deprecated -W ignore:easy_install command is deprecated setup.py egg_info --egg-base ../../../build/turtlebot_controller build --build-base /home/ganathipan/SWARM_ROS/build/turtlebot_controller/build install --record /home/ganathipan/SWARM_ROS/build/turtlebot_controller/install.log --install-scripts $base/lib/turtlebot_controller --single-version-externally-managed
